<?xml version="1.0" encoding="UTF-8"?>
<coverage generated="1686548169257" clover="3.2.0">
  <project timestamp="1686548169258" name="All files">
    <metrics statements="58" coveredstatements="50" conditionals="30" coveredconditionals="22" methods="28" coveredmethods="25" elements="116" coveredelements="97" complexity="0" loc="58" ncloc="58" packages="1" files="2" classes="2"/>
    <file name="Modal.tsx" path="F:\junaid\react-native\Asteroid\Asteriod_details\components\Modal.tsx">
      <metrics statements="8" coveredstatements="6" conditionals="4" coveredconditionals="2" methods="5" coveredmethods="3"/>
      <line num="15" count="1" type="stmt"/>
      <line num="17" count="8" type="stmt"/>
      <line num="23" count="0" type="stmt"/>
      <line num="34" count="3" type="cond" truecount="1" falsecount="1"/>
      <line num="35" count="3" type="stmt"/>
      <line num="41" count="4" type="stmt"/>
      <line num="45" count="0" type="stmt"/>
      <line num="55" count="1" type="stmt"/>
    </file>
    <file name="ParkingLot.tsx" path="F:\junaid\react-native\Asteroid\Asteriod_details\components\ParkingLot.tsx">
      <metrics statements="50" coveredstatements="44" conditionals="26" coveredconditionals="20" methods="23" coveredmethods="22"/>
      <line num="23" count="5" type="stmt"/>
      <line num="24" count="5" type="stmt"/>
      <line num="40" count="5" type="stmt"/>
      <line num="41" count="20" type="stmt"/>
      <line num="42" count="4" type="stmt"/>
      <line num="45" count="20" type="stmt"/>
      <line num="49" count="5" type="stmt"/>
      <line num="50" count="3" type="stmt"/>
      <line num="52" count="15" type="stmt"/>
      <line num="53" count="3" type="cond" truecount="1" falsecount="1"/>
      <line num="54" count="0" type="stmt"/>
      <line num="55" count="0" type="stmt"/>
      <line num="58" count="15" type="stmt"/>
      <line num="59" count="3" type="cond" truecount="1" falsecount="1"/>
      <line num="61" count="3" type="stmt"/>
      <line num="62" count="3" type="stmt"/>
      <line num="63" count="15" type="cond" truecount="2" falsecount="0"/>
      <line num="67" count="3" type="stmt"/>
      <line num="74" count="5" type="stmt"/>
      <line num="75" count="2" type="stmt"/>
      <line num="76" count="2" type="stmt"/>
      <line num="77" count="2" type="stmt"/>
      <line num="78" count="2" type="stmt"/>
      <line num="79" count="2" type="stmt"/>
      <line num="81" count="2" type="stmt"/>
      <line num="82" count="2" type="cond" truecount="1" falsecount="1"/>
      <line num="83" count="2" type="stmt"/>
      <line num="85" count="0" type="stmt"/>
      <line num="87" count="2" type="stmt"/>
      <line num="89" count="2" type="stmt"/>
      <line num="100" count="5" type="stmt"/>
      <line num="101" count="1" type="stmt"/>
      <line num="105" count="1" type="stmt"/>
      <line num="106" count="1" type="stmt"/>
      <line num="113" count="1" type="cond" truecount="1" falsecount="1"/>
      <line num="114" count="1" type="stmt"/>
      <line num="115" count="1" type="stmt"/>
      <line num="116" count="5" type="cond" truecount="2" falsecount="0"/>
      <line num="120" count="1" type="stmt"/>
      <line num="127" count="0" type="stmt"/>
      <line num="130" count="0" type="stmt"/>
      <line num="135" count="27" type="stmt"/>
      <line num="136" count="27" type="stmt"/>
      <line num="145" count="6" type="stmt"/>
      <line num="151" count="3" type="stmt"/>
      <line num="157" count="80" type="stmt"/>
      <line num="159" count="2" type="cond" truecount="1" falsecount="1"/>
      <line num="171" count="0" type="stmt"/>
      <line num="184" count="3" type="stmt"/>
      <line num="199" count="1" type="stmt"/>
    </file>
  </project>
</coverage>
