{"F:\\junaid\\react-native\\Asteroid\\Asteriod_details\\constants.ts": {"path":"F:\\junaid\\react-native\\Asteroid\\Asteriod_details\\constants.ts","statementMap":{"0":{"start":{"line":1,"column":23},"end":{"line":1,"column":65}}},"fnMap":{},"branchMap":{},"s":{"0":1},"f":{},"b":{},"_coverageSchema":"1a1c01bbd47fc00a2c39e90264f33305004495a9","hash":"5cbb3edcda4b479ae7ddba9033754310b37b1a30"}
,"F:\\junaid\\react-native\\Asteroid\\Asteriod_details\\components\\Asteroid.tsx": {"path":"F:\\junaid\\react-native\\Asteroid\\Asteriod_details\\components\\Asteroid.tsx","statementMap":{"0":{"start":{"line":11,"column":56},"end":{"line":30,"column":1}},"1":{"start":{"line":12,"column":25},"end":{"line":12,"column":37}},"2":{"start":{"line":13,"column":4},"end":{"line":15,"column":5}},"3":{"start":{"line":14,"column":8},"end":{"line":14,"column":53}},"4":{"start":{"line":16,"column":4},"end":{"line":29,"column":6}},"5":{"start":{"line":32,"column":15},"end":{"line":43,"column":2}}},"fnMap":{"0":{"name":"(anonymous_0)","decl":{"start":{"line":11,"column":56},"end":{"line":11,"column":57}},"loc":{"start":{"line":11,"column":71},"end":{"line":30,"column":1}},"line":11}},"branchMap":{"0":{"loc":{"start":{"line":13,"column":4},"end":{"line":15,"column":5}},"type":"if","locations":[{"start":{"line":13,"column":4},"end":{"line":15,"column":5}},{"start":{},"end":{}}],"line":13},"1":{"loc":{"start":{"line":13,"column":8},"end":{"line":13,"column":50}},"type":"binary-expr","locations":[{"start":{"line":13,"column":8},"end":{"line":13,"column":33}},{"start":{"line":13,"column":37},"end":{"line":13,"column":50}}],"line":13},"2":{"loc":{"start":{"line":23,"column":21},"end":{"line":23,"column":78}},"type":"cond-expr","locations":[{"start":{"line":23,"column":66},"end":{"line":23,"column":71}},{"start":{"line":23,"column":74},"end":{"line":23,"column":78}}],"line":23}},"s":{"0":1,"1":2,"2":2,"3":1,"4":1,"5":1},"f":{"0":2},"b":{"0":[1,1],"1":[2,2],"2":[0,1]},"_coverageSchema":"1a1c01bbd47fc00a2c39e90264f33305004495a9","hash":"7210fb4c2532da38794d5190d0eacc6a818a1292"}
,"F:\\junaid\\react-native\\Asteroid\\Asteriod_details\\components\\Form.tsx": {"path":"F:\\junaid\\react-native\\Asteroid\\Asteriod_details\\components\\Form.tsx","statementMap":{"0":{"start":{"line":13,"column":50},"end":{"line":90,"column":1}},"1":{"start":{"line":14,"column":30},"end":{"line":18,"column":6}},"2":{"start":{"line":19,"column":33},"end":{"line":44,"column":5}},"3":{"start":{"line":20,"column":8},"end":{"line":43,"column":9}},"4":{"start":{"line":21,"column":12},"end":{"line":21,"column":57}},"5":{"start":{"line":21,"column":27},"end":{"line":21,"column":55}},"6":{"start":{"line":22,"column":29},"end":{"line":24,"column":13}},"7":{"start":{"line":25,"column":25},"end":{"line":25,"column":46}},"8":{"start":{"line":26,"column":35},"end":{"line":26,"column":118}},"9":{"start":{"line":27,"column":12},"end":{"line":29,"column":15}},"10":{"start":{"line":27,"column":27},"end":{"line":29,"column":13}},"11":{"start":{"line":30,"column":29},"end":{"line":36,"column":13}},"12":{"start":{"line":37,"column":12},"end":{"line":37,"column":57}},"13":{"start":{"line":39,"column":12},"end":{"line":39,"column":57}},"14":{"start":{"line":40,"column":12},"end":{"line":40,"column":50}},"15":{"start":{"line":40,"column":27},"end":{"line":40,"column":48}},"16":{"start":{"line":42,"column":12},"end":{"line":42,"column":58}},"17":{"start":{"line":42,"column":27},"end":{"line":42,"column":56}},"18":{"start":{"line":45,"column":25},"end":{"line":66,"column":5}},"19":{"start":{"line":46,"column":8},"end":{"line":65,"column":9}},"20":{"start":{"line":47,"column":12},"end":{"line":47,"column":57}},"21":{"start":{"line":47,"column":27},"end":{"line":47,"column":55}},"22":{"start":{"line":48,"column":37},"end":{"line":50,"column":13}},"23":{"start":{"line":51,"column":33},"end":{"line":51,"column":62}},"24":{"start":{"line":52,"column":29},"end":{"line":58,"column":13}},"25":{"start":{"line":59,"column":12},"end":{"line":59,"column":57}},"26":{"start":{"line":61,"column":12},"end":{"line":61,"column":58}},"27":{"start":{"line":62,"column":12},"end":{"line":62,"column":50}},"28":{"start":{"line":62,"column":27},"end":{"line":62,"column":48}},"29":{"start":{"line":64,"column":12},"end":{"line":64,"column":58}},"30":{"start":{"line":64,"column":27},"end":{"line":64,"column":56}},"31":{"start":{"line":67,"column":4},"end":{"line":67,"column":88}},"32":{"start":{"line":67,"column":21},"end":{"line":67,"column":88}},"33":{"start":{"line":68,"column":4},"end":{"line":88,"column":6}},"34":{"start":{"line":75,"column":48},"end":{"line":75,"column":91}},"35":{"start":{"line":75,"column":63},"end":{"line":75,"column":89}},"36":{"start":{"line":92,"column":15},"end":{"line":100,"column":2}}},"fnMap":{"0":{"name":"(anonymous_0)","decl":{"start":{"line":13,"column":50},"end":{"line":13,"column":51}},"loc":{"start":{"line":13,"column":70},"end":{"line":90,"column":1}},"line":13},"1":{"name":"(anonymous_1)","decl":{"start":{"line":19,"column":33},"end":{"line":19,"column":34}},"loc":{"start":{"line":19,"column":45},"end":{"line":44,"column":5}},"line":19},"2":{"name":"(anonymous_2)","decl":{"start":{"line":21,"column":21},"end":{"line":21,"column":22}},"loc":{"start":{"line":21,"column":27},"end":{"line":21,"column":55}},"line":21},"3":{"name":"(anonymous_3)","decl":{"start":{"line":27,"column":21},"end":{"line":27,"column":22}},"loc":{"start":{"line":27,"column":27},"end":{"line":29,"column":13}},"line":27},"4":{"name":"(anonymous_4)","decl":{"start":{"line":40,"column":21},"end":{"line":40,"column":22}},"loc":{"start":{"line":40,"column":27},"end":{"line":40,"column":48}},"line":40},"5":{"name":"(anonymous_5)","decl":{"start":{"line":42,"column":21},"end":{"line":42,"column":22}},"loc":{"start":{"line":42,"column":27},"end":{"line":42,"column":56}},"line":42},"6":{"name":"(anonymous_6)","decl":{"start":{"line":45,"column":25},"end":{"line":45,"column":26}},"loc":{"start":{"line":45,"column":37},"end":{"line":66,"column":5}},"line":45},"7":{"name":"(anonymous_7)","decl":{"start":{"line":47,"column":21},"end":{"line":47,"column":22}},"loc":{"start":{"line":47,"column":27},"end":{"line":47,"column":55}},"line":47},"8":{"name":"(anonymous_8)","decl":{"start":{"line":62,"column":21},"end":{"line":62,"column":22}},"loc":{"start":{"line":62,"column":27},"end":{"line":62,"column":48}},"line":62},"9":{"name":"(anonymous_9)","decl":{"start":{"line":64,"column":21},"end":{"line":64,"column":22}},"loc":{"start":{"line":64,"column":27},"end":{"line":64,"column":56}},"line":64},"10":{"name":"(anonymous_10)","decl":{"start":{"line":75,"column":30},"end":{"line":75,"column":31}},"loc":{"start":{"line":75,"column":48},"end":{"line":75,"column":91}},"line":75},"11":{"name":"(anonymous_11)","decl":{"start":{"line":75,"column":57},"end":{"line":75,"column":58}},"loc":{"start":{"line":75,"column":63},"end":{"line":75,"column":89}},"line":75}},"branchMap":{"0":{"loc":{"start":{"line":67,"column":4},"end":{"line":67,"column":88}},"type":"if","locations":[{"start":{"line":67,"column":4},"end":{"line":67,"column":88}},{"start":{},"end":{}}],"line":67}},"s":{"0":1,"1":16,"2":16,"3":1,"4":1,"5":1,"6":1,"7":1,"8":1,"9":1,"10":1,"11":1,"12":1,"13":0,"14":0,"15":0,"16":1,"17":1,"18":16,"19":2,"20":2,"21":2,"22":2,"23":1,"24":1,"25":1,"26":1,"27":1,"28":1,"29":2,"30":2,"31":16,"32":2,"33":14,"34":3,"35":3,"36":1},"f":{"0":16,"1":1,"2":1,"3":1,"4":0,"5":1,"6":2,"7":2,"8":1,"9":2,"10":3,"11":3},"b":{"0":[2,14]},"_coverageSchema":"1a1c01bbd47fc00a2c39e90264f33305004495a9","hash":"b9662f4e6f572ed66ae29d0372af032b4edbd641"}
}
