{"F:\\junaid\\react-native\\Asteroid\\Asteriod_details\\components\\Modal.tsx": {"path":"F:\\junaid\\react-native\\Asteroid\\Asteriod_details\\components\\Modal.tsx","statementMap":{"0":{"start":{"line":15,"column":55},"end":{"line":53,"column":1}},"1":{"start":{"line":17,"column":4},"end":{"line":52,"column":6}},"2":{"start":{"line":23,"column":38},"end":{"line":23,"column":55}},"3":{"start":{"line":34,"column":32},"end":{"line":35,"column":61}},"4":{"start":{"line":35,"column":36},"end":{"line":35,"column":61}},"5":{"start":{"line":41,"column":47},"end":{"line":41,"column":63}},"6":{"start":{"line":45,"column":47},"end":{"line":45,"column":64}},"7":{"start":{"line":55,"column":15},"end":{"line":92,"column":2}}},"fnMap":{"0":{"name":"(anonymous_0)","decl":{"start":{"line":15,"column":55},"end":{"line":15,"column":56}},"loc":{"start":{"line":15,"column":66},"end":{"line":53,"column":1}},"line":15},"1":{"name":"(anonymous_1)","decl":{"start":{"line":23,"column":32},"end":{"line":23,"column":33}},"loc":{"start":{"line":23,"column":38},"end":{"line":23,"column":55}},"line":23},"2":{"name":"(anonymous_2)","decl":{"start":{"line":33,"column":42},"end":{"line":33,"column":43}},"loc":{"start":{"line":33,"column":52},"end":{"line":36,"column":29}},"line":33},"3":{"name":"(anonymous_3)","decl":{"start":{"line":41,"column":41},"end":{"line":41,"column":42}},"loc":{"start":{"line":41,"column":47},"end":{"line":41,"column":63}},"line":41},"4":{"name":"(anonymous_4)","decl":{"start":{"line":45,"column":41},"end":{"line":45,"column":42}},"loc":{"start":{"line":45,"column":47},"end":{"line":45,"column":64}},"line":45}},"branchMap":{"0":{"loc":{"start":{"line":34,"column":32},"end":{"line":35,"column":61}},"type":"if","locations":[{"start":{"line":34,"column":32},"end":{"line":35,"column":61}},{"start":{},"end":{}}],"line":34},"1":{"loc":{"start":{"line":40,"column":39},"end":{"line":40,"column":61}},"type":"binary-expr","locations":[{"start":{"line":40,"column":39},"end":{"line":40,"column":55}},{"start":{"line":40,"column":59},"end":{"line":40,"column":61}}],"line":40}},"s":{"0":1,"1":8,"2":0,"3":3,"4":3,"5":4,"6":0,"7":1},"f":{"0":8,"1":0,"2":3,"3":4,"4":0},"b":{"0":[3,0],"1":[8,0]},"_coverageSchema":"1a1c01bbd47fc00a2c39e90264f33305004495a9","hash":"afb9823e1ec86449ee6de098216659a320b96c3c"}
,"F:\\junaid\\react-native\\Asteroid\\Asteriod_details\\components\\ParkingLot.tsx": {"path":"F:\\junaid\\react-native\\Asteroid\\Asteriod_details\\components\\ParkingLot.tsx","statementMap":{"0":{"start":{"line":23,"column":8},"end":{"line":23,"column":20}},"1":{"start":{"line":24,"column":8},"end":{"line":37,"column":9}},"2":{"start":{"line":40,"column":30},"end":{"line":47,"column":5}},"3":{"start":{"line":41,"column":25},"end":{"line":41,"column":108}},"4":{"start":{"line":41,"column":102},"end":{"line":41,"column":107}},"5":{"start":{"line":42,"column":8},"end":{"line":46,"column":11}},"6":{"start":{"line":42,"column":30},"end":{"line":46,"column":9}},"7":{"start":{"line":45,"column":48},"end":{"line":45,"column":79}},"8":{"start":{"line":49,"column":25},"end":{"line":72,"column":5}},"9":{"start":{"line":50,"column":54},"end":{"line":50,"column":64}},"10":{"start":{"line":52,"column":26},"end":{"line":52,"column":66}},"11":{"start":{"line":52,"column":54},"end":{"line":52,"column":65}},"12":{"start":{"line":53,"column":8},"end":{"line":56,"column":9}},"13":{"start":{"line":54,"column":12},"end":{"line":54,"column":39}},"14":{"start":{"line":55,"column":12},"end":{"line":55,"column":19}},"15":{"start":{"line":58,"column":29},"end":{"line":58,"column":89}},"16":{"start":{"line":58,"column":55},"end":{"line":58,"column":88}},"17":{"start":{"line":59,"column":8},"end":{"line":59,"column":89}},"18":{"start":{"line":59,"column":26},"end":{"line":59,"column":89}},"19":{"start":{"line":61,"column":34},"end":{"line":61,"column":89}},"20":{"start":{"line":62,"column":37},"end":{"line":66,"column":9}},"21":{"start":{"line":63,"column":12},"end":{"line":65,"column":22}},"22":{"start":{"line":67,"column":8},"end":{"line":71,"column":11}},"23":{"start":{"line":74,"column":24},"end":{"line":98,"column":5}},"24":{"start":{"line":75,"column":36},"end":{"line":75,"column":38}},"25":{"start":{"line":76,"column":32},"end":{"line":88,"column":9}},"26":{"start":{"line":77,"column":24},"end":{"line":77,"column":34}},"27":{"start":{"line":78,"column":27},"end":{"line":78,"column":38}},"28":{"start":{"line":79,"column":30},"end":{"line":79,"column":55}},"29":{"start":{"line":81,"column":25},"end":{"line":81,"column":26}},"30":{"start":{"line":82,"column":12},"end":{"line":86,"column":13}},"31":{"start":{"line":83,"column":16},"end":{"line":83,"column":45}},"32":{"start":{"line":85,"column":16},"end":{"line":85,"column":74}},"33":{"start":{"line":87,"column":12},"end":{"line":87,"column":26}},"34":{"start":{"line":89,"column":8},"end":{"line":97,"column":11}},"35":{"start":{"line":89,"column":30},"end":{"line":97,"column":9}},"36":{"start":{"line":100,"column":20},"end":{"line":133,"column":5}},"37":{"start":{"line":101,"column":19},"end":{"line":104,"column":9}},"38":{"start":{"line":105,"column":8},"end":{"line":131,"column":9}},"39":{"start":{"line":106,"column":28},"end":{"line":112,"column":14}},"40":{"start":{"line":113,"column":12},"end":{"line":128,"column":13}},"41":{"start":{"line":114,"column":16},"end":{"line":114,"column":45}},"42":{"start":{"line":115,"column":45},"end":{"line":119,"column":17}},"43":{"start":{"line":116,"column":20},"end":{"line":118,"column":30}},"44":{"start":{"line":120,"column":16},"end":{"line":125,"column":19}},"45":{"start":{"line":120,"column":36},"end":{"line":125,"column":17}},"46":{"start":{"line":127,"column":16},"end":{"line":127,"column":72}},"47":{"start":{"line":130,"column":12},"end":{"line":130,"column":38}},"48":{"start":{"line":135,"column":105},"end":{"line":135,"column":115}},"49":{"start":{"line":136,"column":8},"end":{"line":192,"column":10}},"50":{"start":{"line":145,"column":52},"end":{"line":145,"column":98}},"51":{"start":{"line":151,"column":70},"end":{"line":154,"column":30}},"52":{"start":{"line":157,"column":36},"end":{"line":163,"column":43}},"53":{"start":{"line":159,"column":59},"end":{"line":159,"column":108}},"54":{"start":{"line":171,"column":37},"end":{"line":171,"column":77}},"55":{"start":{"line":184,"column":57},"end":{"line":184,"column":115}},"56":{"start":{"line":184,"column":79},"end":{"line":184,"column":113}},"57":{"start":{"line":199,"column":15},"end":{"line":236,"column":2}}},"fnMap":{"0":{"name":"(anonymous_0)","decl":{"start":{"line":22,"column":4},"end":{"line":22,"column":5}},"loc":{"start":{"line":22,"column":40},"end":{"line":38,"column":5}},"line":22},"1":{"name":"(anonymous_1)","decl":{"start":{"line":40,"column":30},"end":{"line":40,"column":31}},"loc":{"start":{"line":40,"column":36},"end":{"line":47,"column":5}},"line":40},"2":{"name":"(anonymous_2)","decl":{"start":{"line":41,"column":92},"end":{"line":41,"column":93}},"loc":{"start":{"line":41,"column":102},"end":{"line":41,"column":107}},"line":41},"3":{"name":"(anonymous_3)","decl":{"start":{"line":42,"column":22},"end":{"line":42,"column":23}},"loc":{"start":{"line":42,"column":30},"end":{"line":46,"column":9}},"line":42},"4":{"name":"(anonymous_4)","decl":{"start":{"line":45,"column":42},"end":{"line":45,"column":43}},"loc":{"start":{"line":45,"column":48},"end":{"line":45,"column":79}},"line":45},"5":{"name":"(anonymous_5)","decl":{"start":{"line":49,"column":25},"end":{"line":49,"column":26}},"loc":{"start":{"line":49,"column":31},"end":{"line":72,"column":5}},"line":49},"6":{"name":"(anonymous_6)","decl":{"start":{"line":52,"column":47},"end":{"line":52,"column":48}},"loc":{"start":{"line":52,"column":54},"end":{"line":52,"column":65}},"line":52},"7":{"name":"(anonymous_7)","decl":{"start":{"line":58,"column":48},"end":{"line":58,"column":49}},"loc":{"start":{"line":58,"column":55},"end":{"line":58,"column":88}},"line":58},"8":{"name":"(anonymous_8)","decl":{"start":{"line":62,"column":55},"end":{"line":62,"column":56}},"loc":{"start":{"line":63,"column":12},"end":{"line":65,"column":22}},"line":63},"9":{"name":"(anonymous_9)","decl":{"start":{"line":74,"column":24},"end":{"line":74,"column":25}},"loc":{"start":{"line":74,"column":45},"end":{"line":98,"column":5}},"line":74},"10":{"name":"(anonymous_10)","decl":{"start":{"line":76,"column":32},"end":{"line":76,"column":33}},"loc":{"start":{"line":76,"column":51},"end":{"line":88,"column":9}},"line":76},"11":{"name":"(anonymous_11)","decl":{"start":{"line":89,"column":22},"end":{"line":89,"column":23}},"loc":{"start":{"line":89,"column":30},"end":{"line":97,"column":9}},"line":89},"12":{"name":"(anonymous_12)","decl":{"start":{"line":100,"column":20},"end":{"line":100,"column":21}},"loc":{"start":{"line":100,"column":32},"end":{"line":133,"column":5}},"line":100},"13":{"name":"(anonymous_13)","decl":{"start":{"line":115,"column":74},"end":{"line":115,"column":75}},"loc":{"start":{"line":116,"column":20},"end":{"line":118,"column":30}},"line":116},"14":{"name":"(anonymous_14)","decl":{"start":{"line":120,"column":30},"end":{"line":120,"column":31}},"loc":{"start":{"line":120,"column":36},"end":{"line":125,"column":17}},"line":120},"15":{"name":"(anonymous_15)","decl":{"start":{"line":134,"column":4},"end":{"line":134,"column":5}},"loc":{"start":{"line":134,"column":30},"end":{"line":193,"column":5}},"line":134},"16":{"name":"(anonymous_16)","decl":{"start":{"line":145,"column":42},"end":{"line":145,"column":43}},"loc":{"start":{"line":145,"column":52},"end":{"line":145,"column":98}},"line":145},"17":{"name":"(anonymous_17)","decl":{"start":{"line":151,"column":64},"end":{"line":151,"column":65}},"loc":{"start":{"line":151,"column":70},"end":{"line":154,"column":30}},"line":151},"18":{"name":"(anonymous_18)","decl":{"start":{"line":156,"column":79},"end":{"line":156,"column":80}},"loc":{"start":{"line":157,"column":36},"end":{"line":163,"column":43}},"line":157},"19":{"name":"(anonymous_19)","decl":{"start":{"line":159,"column":53},"end":{"line":159,"column":54}},"loc":{"start":{"line":159,"column":59},"end":{"line":159,"column":108}},"line":159},"20":{"name":"(anonymous_20)","decl":{"start":{"line":171,"column":31},"end":{"line":171,"column":32}},"loc":{"start":{"line":171,"column":37},"end":{"line":171,"column":77}},"line":171},"21":{"name":"(anonymous_21)","decl":{"start":{"line":184,"column":39},"end":{"line":184,"column":40}},"loc":{"start":{"line":184,"column":57},"end":{"line":184,"column":115}},"line":184},"22":{"name":"(anonymous_22)","decl":{"start":{"line":184,"column":71},"end":{"line":184,"column":72}},"loc":{"start":{"line":184,"column":79},"end":{"line":184,"column":113}},"line":184}},"branchMap":{"0":{"loc":{"start":{"line":53,"column":8},"end":{"line":56,"column":9}},"type":"if","locations":[{"start":{"line":53,"column":8},"end":{"line":56,"column":9}},{"start":{},"end":{}}],"line":53},"1":{"loc":{"start":{"line":59,"column":8},"end":{"line":59,"column":89}},"type":"if","locations":[{"start":{"line":59,"column":8},"end":{"line":59,"column":89}},{"start":{},"end":{}}],"line":59},"2":{"loc":{"start":{"line":63,"column":12},"end":{"line":65,"column":22}},"type":"cond-expr","locations":[{"start":{"line":64,"column":18},"end":{"line":64,"column":76}},{"start":{"line":65,"column":18},"end":{"line":65,"column":22}}],"line":63},"3":{"loc":{"start":{"line":82,"column":12},"end":{"line":86,"column":13}},"type":"if","locations":[{"start":{"line":82,"column":12},"end":{"line":86,"column":13}},{"start":{"line":84,"column":19},"end":{"line":86,"column":13}}],"line":82},"4":{"loc":{"start":{"line":113,"column":12},"end":{"line":128,"column":13}},"type":"if","locations":[{"start":{"line":113,"column":12},"end":{"line":128,"column":13}},{"start":{"line":126,"column":19},"end":{"line":128,"column":13}}],"line":113},"5":{"loc":{"start":{"line":116,"column":20},"end":{"line":118,"column":30}},"type":"cond-expr","locations":[{"start":{"line":117,"column":26},"end":{"line":117,"column":59}},{"start":{"line":118,"column":26},"end":{"line":118,"column":30}}],"line":116},"6":{"loc":{"start":{"line":138,"column":17},"end":{"line":167,"column":35}},"type":"cond-expr","locations":[{"start":{"line":139,"column":20},"end":{"line":148,"column":27}},{"start":{"line":149,"column":20},"end":{"line":167,"column":35}}],"line":138},"7":{"loc":{"start":{"line":156,"column":33},"end":{"line":164,"column":34}},"type":"binary-expr","locations":[{"start":{"line":156,"column":33},"end":{"line":156,"column":57}},{"start":{"line":156,"column":61},"end":{"line":164,"column":34}}],"line":156},"8":{"loc":{"start":{"line":159,"column":59},"end":{"line":159,"column":108}},"type":"cond-expr","locations":[{"start":{"line":159,"column":73},"end":{"line":159,"column":101}},{"start":{"line":159,"column":104},"end":{"line":159,"column":108}}],"line":159},"9":{"loc":{"start":{"line":161,"column":75},"end":{"line":161,"column":110}},"type":"cond-expr","locations":[{"start":{"line":161,"column":89},"end":{"line":161,"column":100}},{"start":{"line":161,"column":103},"end":{"line":161,"column":110}}],"line":161},"10":{"loc":{"start":{"line":169,"column":17},"end":{"line":190,"column":18}},"type":"binary-expr","locations":[{"start":{"line":169,"column":17},"end":{"line":169,"column":42}},{"start":{"line":169,"column":46},"end":{"line":190,"column":18}}],"line":169},"11":{"loc":{"start":{"line":173,"column":24},"end":{"line":188,"column":21}},"type":"cond-expr","locations":[{"start":{"line":173,"column":51},"end":{"line":180,"column":21}},{"start":{"line":180,"column":24},"end":{"line":188,"column":21}}],"line":173},"12":{"loc":{"start":{"line":234,"column":20},"end":{"line":234,"column":75}},"type":"cond-expr","locations":[{"start":{"line":234,"column":48},"end":{"line":234,"column":71}},{"start":{"line":234,"column":74},"end":{"line":234,"column":75}}],"line":234}},"s":{"0":5,"1":5,"2":5,"3":4,"4":20,"5":4,"6":4,"7":20,"8":5,"9":3,"10":3,"11":15,"12":3,"13":0,"14":0,"15":3,"16":15,"17":3,"18":0,"19":3,"20":3,"21":15,"22":3,"23":5,"24":2,"25":2,"26":2,"27":2,"28":2,"29":2,"30":2,"31":2,"32":0,"33":2,"34":2,"35":2,"36":5,"37":1,"38":1,"39":1,"40":1,"41":1,"42":1,"43":5,"44":1,"45":1,"46":0,"47":0,"48":27,"49":27,"50":6,"51":3,"52":80,"53":2,"54":0,"55":3,"56":3,"57":1},"f":{"0":5,"1":4,"2":20,"3":4,"4":20,"5":3,"6":15,"7":15,"8":15,"9":2,"10":2,"11":2,"12":1,"13":5,"14":1,"15":27,"16":6,"17":3,"18":80,"19":2,"20":0,"21":3,"22":3},"b":{"0":[0,3],"1":[0,3],"2":[3,12],"3":[2,0],"4":[1,0],"5":[1,4],"6":[11,16],"7":[16,16],"8":[2,0],"9":[5,75],"10":[27,8],"11":[2,6],"12":[0,1]},"_coverageSchema":"1a1c01bbd47fc00a2c39e90264f33305004495a9","hash":"f8a984cddc9febb8a04f8b1710bd4326d1865a19"}
}
