TN:
SF:constants.ts
FNF:0
FNH:0
DA:1,1
LF:1
LH:1
BRF:0
BRH:0
end_of_record
TN:
SF:components\Asteroid.tsx
FN:11,(anonymous_0)
FNF:1
FNH:1
FNDA:2,(anonymous_0)
DA:11,1
DA:12,2
DA:13,2
DA:14,1
DA:16,1
DA:32,1
LF:6
LH:6
BRDA:13,0,0,1
BRDA:13,0,1,1
BRDA:13,1,0,2
BRDA:13,1,1,2
BRDA:23,2,0,0
BRDA:23,2,1,1
BRF:6
BRH:5
end_of_record
TN:
SF:components\Form.tsx
FN:13,(anonymous_0)
FN:19,(anonymous_1)
FN:21,(anonymous_2)
FN:27,(anonymous_3)
FN:40,(anonymous_4)
FN:42,(anonymous_5)
FN:45,(anonymous_6)
FN:47,(anonymous_7)
FN:62,(anonymous_8)
FN:64,(anonymous_9)
FN:75,(anonymous_10)
FN:75,(anonymous_11)
FNF:12
FNH:11
FNDA:16,(anonymous_0)
FNDA:1,(anonymous_1)
FNDA:1,(anonymous_2)
FNDA:1,(anonymous_3)
FNDA:0,(anonymous_4)
FNDA:1,(anonymous_5)
FNDA:2,(anonymous_6)
FNDA:2,(anonymous_7)
FNDA:1,(anonymous_8)
FNDA:2,(anonymous_9)
FNDA:3,(anonymous_10)
FNDA:3,(anonymous_11)
DA:13,1
DA:14,16
DA:19,16
DA:20,1
DA:21,1
DA:22,1
DA:25,1
DA:26,1
DA:27,1
DA:30,1
DA:37,1
DA:39,0
DA:40,0
DA:42,1
DA:45,16
DA:46,2
DA:47,2
DA:48,2
DA:51,1
DA:52,1
DA:59,1
DA:61,1
DA:62,1
DA:64,2
DA:67,16
DA:68,14
DA:75,3
DA:92,1
LF:28
LH:26
BRDA:67,0,0,2
BRDA:67,0,1,14
BRF:2
BRH:2
end_of_record
