TN:
SF:components\Modal.tsx
FN:15,(anonymous_0)
FN:23,(anonymous_1)
FN:33,(anonymous_2)
FN:41,(anonymous_3)
FN:45,(anonymous_4)
FNF:5
FNH:3
FNDA:8,(anonymous_0)
FNDA:0,(anonymous_1)
FNDA:3,(anonymous_2)
FNDA:4,(anonymous_3)
FNDA:0,(anonymous_4)
DA:15,1
DA:17,8
DA:23,0
DA:34,3
DA:35,3
DA:41,4
DA:45,0
DA:55,1
LF:8
LH:6
BRDA:34,0,0,3
BRDA:34,0,1,0
BRDA:40,1,0,8
BRDA:40,1,1,0
BRF:4
BRH:2
end_of_record
TN:
SF:components\ParkingLot.tsx
FN:22,(anonymous_0)
FN:40,(anonymous_1)
FN:41,(anonymous_2)
FN:42,(anonymous_3)
FN:45,(anonymous_4)
FN:49,(anonymous_5)
FN:52,(anonymous_6)
FN:58,(anonymous_7)
FN:62,(anonymous_8)
FN:74,(anonymous_9)
FN:76,(anonymous_10)
FN:89,(anonymous_11)
FN:100,(anonymous_12)
FN:115,(anonymous_13)
FN:120,(anonymous_14)
FN:134,(anonymous_15)
FN:145,(anonymous_16)
FN:151,(anonymous_17)
FN:156,(anonymous_18)
FN:159,(anonymous_19)
FN:171,(anonymous_20)
FN:184,(anonymous_21)
FN:184,(anonymous_22)
FNF:23
FNH:22
FNDA:5,(anonymous_0)
FNDA:4,(anonymous_1)
FNDA:20,(anonymous_2)
FNDA:4,(anonymous_3)
FNDA:20,(anonymous_4)
FNDA:3,(anonymous_5)
FNDA:15,(anonymous_6)
FNDA:15,(anonymous_7)
FNDA:15,(anonymous_8)
FNDA:2,(anonymous_9)
FNDA:2,(anonymous_10)
FNDA:2,(anonymous_11)
FNDA:1,(anonymous_12)
FNDA:5,(anonymous_13)
FNDA:1,(anonymous_14)
FNDA:27,(anonymous_15)
FNDA:6,(anonymous_16)
FNDA:3,(anonymous_17)
FNDA:80,(anonymous_18)
FNDA:2,(anonymous_19)
FNDA:0,(anonymous_20)
FNDA:3,(anonymous_21)
FNDA:3,(anonymous_22)
DA:23,5
DA:24,5
DA:40,5
DA:41,20
DA:42,4
DA:45,20
DA:49,5
DA:50,3
DA:52,15
DA:53,3
DA:54,0
DA:55,0
DA:58,15
DA:59,3
DA:61,3
DA:62,3
DA:63,15
DA:67,3
DA:74,5
DA:75,2
DA:76,2
DA:77,2
DA:78,2
DA:79,2
DA:81,2
DA:82,2
DA:83,2
DA:85,0
DA:87,2
DA:89,2
DA:100,5
DA:101,1
DA:105,1
DA:106,1
DA:113,1
DA:114,1
DA:115,1
DA:116,5
DA:120,1
DA:127,0
DA:130,0
DA:135,27
DA:136,27
DA:145,6
DA:151,3
DA:157,80
DA:159,2
DA:171,0
DA:184,3
DA:199,1
LF:50
LH:44
BRDA:53,0,0,0
BRDA:53,0,1,3
BRDA:59,1,0,0
BRDA:59,1,1,3
BRDA:63,2,0,3
BRDA:63,2,1,12
BRDA:82,3,0,2
BRDA:82,3,1,0
BRDA:113,4,0,1
BRDA:113,4,1,0
BRDA:116,5,0,1
BRDA:116,5,1,4
BRDA:138,6,0,11
BRDA:138,6,1,16
BRDA:156,7,0,16
BRDA:156,7,1,16
BRDA:159,8,0,2
BRDA:159,8,1,0
BRDA:161,9,0,5
BRDA:161,9,1,75
BRDA:169,10,0,27
BRDA:169,10,1,8
BRDA:173,11,0,2
BRDA:173,11,1,6
BRDA:234,12,0,0
BRDA:234,12,1,1
BRF:26
BRH:20
end_of_record
